<?xml version="1.0" encoding="UTF-8"?>
<!-- Generated by org.testng.reporters.JUnitReportReporter -->
<testsuite skipped="0" hostname="DESKTOP-2777U6R" name="E2EProject.DemoE2E.ValidteTitle" tests="1" failures="0" timestamp="17 Dec 2021 12:39:32 GMT" time="1.324" errors="0">
  <testcase name="Titlevalidate" time="1.324" classname="E2EProject.DemoE2E.ValidteTitle"/>
</testsuite> <!-- E2EProject.DemoE2E.ValidteTitle -->
