<?xml version="1.0" encoding="UTF-8"?>
<!-- Generated by org.testng.reporters.JUnitReportReporter -->
<testsuite skipped="0" hostname="DESKTOP-2777U6R" name="E2EProject.DemoE2E.HomePage" tests="2" failures="0" timestamp="17 Dec 2021 12:39:32 GMT" time="50.286" errors="0">
  <testcase name="basePageNav" time="7.304" classname="E2EProject.DemoE2E.HomePage"/>
  <testcase name="basePageNav" time="42.982" classname="E2EProject.DemoE2E.HomePage"/>
</testsuite> <!-- E2EProject.DemoE2E.HomePage -->
