<?xml version="1.0" encoding="UTF-8"?>
<!-- Generated by org.testng.reporters.JUnitReportReporter -->
<testsuite skipped="0" hostname="DESKTOP-2777U6R" name="E2EProject.DemoE2E.popupClick" tests="1" failures="0" timestamp="09 Dec 2021 06:49:46 GMT" time="26.433" errors="0">
  <testcase name="clickPopup" time="26.433" classname="E2EProject.DemoE2E.popupClick"/>
</testsuite> <!-- E2EProject.DemoE2E.popupClick -->
