<?xml version="1.0" encoding="UTF-8"?>
<!-- Generated by org.testng.reporters.JUnitReportReporter -->
<testsuite skipped="0" hostname="DESKTOP-2777U6R" name="E2EProject.DemoE2E.ValidateNavBar" tests="1" failures="0" timestamp="17 Dec 2021 12:39:32 GMT" time="2.924" errors="0">
  <testcase name="NavBarTitlevalidate" time="2.924" classname="E2EProject.DemoE2E.ValidateNavBar"/>
</testsuite> <!-- E2EProject.DemoE2E.ValidateNavBar -->
