<?xml version="1.0" encoding="UTF-8"?>
<!-- Generated by org.testng.reporters.JUnitReportReporter -->
<testsuite skipped="0" hostname="DESKTOP-2777U6R" name="E2EProject.DemoE2E.base" tests="1" failures="0" timestamp="02 Dec 2021 07:01:31 GMT" time="14.225" errors="0">
  <testcase name="initialiseBrowser" time="14.225" classname="E2EProject.DemoE2E.base"/>
</testsuite> <!-- E2EProject.DemoE2E.base -->
