<?xml version="1.0" encoding="UTF-8"?>
<!-- Generated by org.testng.reporters.JUnitReportReporter -->
<testsuite skipped="0" hostname="DESKTOP-2777U6R" name="E2EProject.DemoE2E.ValidteTitle" tests="1" failures="0" timestamp="2021-12-16T11:27:46 IST" time="1.022" errors="0">
  <testcase name="Titlevalidate" time="1.022" classname="E2EProject.DemoE2E.ValidteTitle"/>
  <system-out/>
</testsuite> <!-- E2EProject.DemoE2E.ValidteTitle -->
