<?xml version="1.0" encoding="UTF-8"?>
<!-- Generated by org.testng.reporters.JUnitReportReporter -->
<testsuite skipped="0" hostname="DESKTOP-2777U6R" name="E2EProject.DemoE2E.ValidateNavBar" tests="1" failures="0" timestamp="2021-12-16T11:27:46 IST" time="1.199" errors="0">
  <testcase name="NavBarTitlevalidate" time="1.199" classname="E2EProject.DemoE2E.ValidateNavBar"/>
  <system-out/>
</testsuite> <!-- E2EProject.DemoE2E.ValidateNavBar -->
