<?xml version="1.0" encoding="UTF-8"?>
<!-- Generated by org.testng.reporters.JUnitReportReporter -->
<testsuite skipped="0" hostname="DESKTOP-2777U6R" name="E2EProject.DemoE2E.HomePage" tests="2" failures="0" timestamp="2021-12-16T11:27:46 IST" time="46.922" errors="0">
  <testcase name="basePageNav" time="40.253" classname="E2EProject.DemoE2E.HomePage"/>
  <system-out/>
  <testcase name="basePageNav" time="6.669" classname="E2EProject.DemoE2E.HomePage"/>
  <system-out/>
</testsuite> <!-- E2EProject.DemoE2E.HomePage -->
